  ICSP_encoder.cpp
C:\Users\ICSP\source\repos\ICSP_encoder\ICSP_encoder\ICSP_encoder.cpp(243,28): warning C4244: '=': 'double'에서 'int'(으)로 변환하면서 데이터가 손실될 수 있습니다.
C:\Users\ICSP\source\repos\ICSP_encoder\ICSP_encoder\ICSP_encoder.cpp(246,28): warning C4244: '=': 'double'에서 'int'(으)로 변환하면서 데이터가 손실될 수 있습니다.
C:\Users\ICSP\source\repos\ICSP_encoder\ICSP_encoder\ICSP_encoder.cpp(380,28): warning C4244: '=': 'double'에서 'int'(으)로 변환하면서 데이터가 손실될 수 있습니다.
C:\Users\ICSP\source\repos\ICSP_encoder\ICSP_encoder\ICSP_encoder.cpp(748,39): warning C4244: '=': 'double'에서 'int'(으)로 변환하면서 데이터가 손실될 수 있습니다.
C:\Users\ICSP\source\repos\ICSP_encoder\ICSP_encoder\ICSP_encoder.cpp(761,39): warning C4244: '=': 'double'에서 'int'(으)로 변환하면서 데이터가 손실될 수 있습니다.
C:\Users\ICSP\source\repos\ICSP_encoder\ICSP_encoder\ICSP_encoder.cpp(775,39): warning C4244: '=': 'double'에서 'int'(으)로 변환하면서 데이터가 손실될 수 있습니다.
C:\Users\ICSP\source\repos\ICSP_encoder\ICSP_encoder\ICSP_encoder.cpp(981,39): warning C4244: '=': 'double'에서 'unsigned char'(으)로 변환하면서 데이터가 손실될 수 있습니다.
C:\Users\ICSP\source\repos\ICSP_encoder\ICSP_encoder\ICSP_encoder.cpp(994,39): warning C4244: '=': 'double'에서 'unsigned char'(으)로 변환하면서 데이터가 손실될 수 있습니다.
C:\Users\ICSP\source\repos\ICSP_encoder\ICSP_encoder\ICSP_encoder.cpp(1008,39): warning C4244: '=': 'double'에서 'unsigned char'(으)로 변환하면서 데이터가 손실될 수 있습니다.
C:\Users\ICSP\source\repos\ICSP_encoder\ICSP_encoder\ICSP_encoder.cpp(1995,8): warning C4101: 'picture2' :참조되지 않은 지역 변수입니다.
C:\Users\ICSP\source\repos\ICSP_encoder\ICSP_encoder\ICSP_encoder.cpp(1998,8): warning C4101: 'picture5' :참조되지 않은 지역 변수입니다.
C:\Users\ICSP\source\repos\ICSP_encoder\ICSP_encoder\ICSP_encoder.cpp(1997,8): warning C4101: 'picture4' :참조되지 않은 지역 변수입니다.
C:\Users\ICSP\source\repos\ICSP_encoder\ICSP_encoder\ICSP_encoder.cpp(1993,33): warning C4101: 'err5' :참조되지 않은 지역 변수입니다.
C:\Users\ICSP\source\repos\ICSP_encoder\ICSP_encoder\ICSP_encoder.cpp(1993,15): warning C4101: 'err2' :참조되지 않은 지역 변수입니다.
C:\Users\ICSP\source\repos\ICSP_encoder\ICSP_encoder\ICSP_encoder.cpp(1993,27): warning C4101: 'err4' :참조되지 않은 지역 변수입니다.
  코드를 생성하고 있습니다.
  0 of 37 functions ( 0.0%) were compiled, the rest were copied from previous compilation.
    0 functions were new in current compilation
    0 functions had inline decision re-evaluated but remain unchanged
  코드를 생성했습니다.
  ICSP_encoder.vcxproj -> C:\Users\ICSP\source\repos\ICSP_encoder\Release\ICSP_encoder.exe
