  ICSP_encoder.cpp
C:\Users\ICSP\source\repos\ICSP\ICSP_encoder\ICSP_encoder\ICSP_encoder.cpp(409,28): warning C4244: '=': 'double'에서 'int'(으)로 변환하면서 데이터가 손실될 수 있습니다.
C:\Users\ICSP\source\repos\ICSP\ICSP_encoder\ICSP_encoder\ICSP_encoder.cpp(412,28): warning C4244: '=': 'double'에서 'int'(으)로 변환하면서 데이터가 손실될 수 있습니다.
C:\Users\ICSP\source\repos\ICSP\ICSP_encoder\ICSP_encoder\ICSP_encoder.cpp(1032,39): warning C4244: '=': 'double'에서 'int'(으)로 변환하면서 데이터가 손실될 수 있습니다.
C:\Users\ICSP\source\repos\ICSP\ICSP_encoder\ICSP_encoder\ICSP_encoder.cpp(1045,39): warning C4244: '=': 'double'에서 'int'(으)로 변환하면서 데이터가 손실될 수 있습니다.
C:\Users\ICSP\source\repos\ICSP\ICSP_encoder\ICSP_encoder\ICSP_encoder.cpp(1059,39): warning C4244: '=': 'double'에서 'int'(으)로 변환하면서 데이터가 손실될 수 있습니다.
C:\Users\ICSP\source\repos\ICSP\ICSP_encoder\ICSP_encoder\ICSP_encoder.cpp(1266,39): warning C4244: '=': 'double'에서 'int'(으)로 변환하면서 데이터가 손실될 수 있습니다.
C:\Users\ICSP\source\repos\ICSP\ICSP_encoder\ICSP_encoder\ICSP_encoder.cpp(1279,39): warning C4244: '=': 'double'에서 'int'(으)로 변환하면서 데이터가 손실될 수 있습니다.
C:\Users\ICSP\source\repos\ICSP\ICSP_encoder\ICSP_encoder\ICSP_encoder.cpp(1293,39): warning C4244: '=': 'double'에서 'int'(으)로 변환하면서 데이터가 손실될 수 있습니다.
C:\Users\ICSP\source\repos\ICSP\ICSP_encoder\ICSP_encoder\ICSP_encoder.cpp(2941,8): warning C4101: 'picture5' :참조되지 않은 지역 변수입니다.
C:\Users\ICSP\source\repos\ICSP\ICSP_encoder\ICSP_encoder\ICSP_encoder.cpp(2940,8): warning C4101: 'picture4' :참조되지 않은 지역 변수입니다.
C:\Users\ICSP\source\repos\ICSP\ICSP_encoder\ICSP_encoder\ICSP_encoder.cpp(2936,33): warning C4101: 'err5' :참조되지 않은 지역 변수입니다.
C:\Users\ICSP\source\repos\ICSP\ICSP_encoder\ICSP_encoder\ICSP_encoder.cpp(2939,8): warning C4101: 'picture3' :참조되지 않은 지역 변수입니다.
C:\Users\ICSP\source\repos\ICSP\ICSP_encoder\ICSP_encoder\ICSP_encoder.cpp(2936,21): warning C4101: 'err3' :참조되지 않은 지역 변수입니다.
C:\Users\ICSP\source\repos\ICSP\ICSP_encoder\ICSP_encoder\ICSP_encoder.cpp(2936,27): warning C4101: 'err4' :참조되지 않은 지역 변수입니다.
  코드를 생성하고 있습니다.
  Previous IPDB not found, fall back to full compilation.
  All 42 functions were compiled because no usable IPDB/IOBJ from previous compilation was found.
  코드를 생성했습니다.
  ICSP_encoder.vcxproj -> C:\Users\ICSP\source\repos\ICSP\ICSP_encoder\x64\Release\ICSP_encoder.exe
